<?xml version="1.0" encoding="UTF-8"?>
<!-- Generated by org.testng.reporters.JUnitXMLReporter -->
<testsuite ignored="0" hostname="DESKTOP-6E75GLM" failures="3" tests="22" name="restAssuredTests" time="14.926" errors="0" timestamp="2022-07-13T14:43:14 CEST">
  <testcase classname="testCases.v1_pages" name="checkContentLength" time="0.006"/>
  <testcase classname="testCases.v1_pages" name="checkContentType" time="0.002"/>
  <testcase classname="testCases.v1_pages" name="checkResponseBody" time="0.025"/>
  <testcase classname="testCases.v1_pages" name="checkResponseTime" time="0.002"/>
  <testcase classname="testCases.v1_pages" name="checkStatusCode" time="0.001"/>
  <testcase classname="testCases.v1_pages" name="checkStatusLine" time="0.001"/>
  <testcase classname="testCases.v1_pages" name="verifyDeleteStatusCode" time="0.768"/>
  <testcase classname="testCases.v1_pages" name="verifyPostStatusCode" time="0.74">
    <failure type="java.lang.AssertionError" message="expected [429] but found [500]">
      <![CDATA[java.lang.AssertionError: expected [429] but found [500]
at testCases.v1_pages.verifyPostStatusCode(v1_pages.java:98)
at java.base/java.util.ArrayList.forEach(ArrayList.java:1511)
... Removed 33 stack frames]]>
    </failure>
  </testcase> <!-- verifyPostStatusCode -->
  <testcase classname="testCases.v1_pages" name="verifyPutStatusCode" time="0.75"/>
  <testcase classname="testCases.v1_pages" name="verifyQueryParameters" time="0.006">
    <failure type="java.lang.AssertionError" message="expected [[]] but found [[{&amp;quot;id&amp;quot;:&amp;quot;cl2pxld6h45000iln8lwv81ai3&amp;quot;,&amp;quot;subdomain&amp;quot;:&amp;quot;fortuna1&amp;quot;,&amp;quot;name&amp;quot;:&amp;quot;Fortuna1&amp;quot;,&amp;quot;logoUrl&amp;quot;:null,&amp;quot;faviconUrl&amp;quot;:null,&amp;quot;websiteUrl&amp;quot;:null,&amp;quot;customDomain&amp;quot;:null,&amp;quot;publicEmail&amp;quot;:null,&amp;quot;twitter&amp;quot;:null,&amp;quot;status&amp;quot;:&amp;quot;UP&amp;quot;,&amp;quot;subscribeBySms&amp;quot;:false,&amp;quot;sendSmsNotifications&amp;quot;:true,&amp;quot;language&amp;quot;:&amp;quot;en&amp;quot;,&amp;quot;useLargeHeader&amp;quot;:true,&amp;quot;brandColor&amp;quot;:&amp;quot;#1E1E1E&amp;quot;,&amp;quot;okColor&amp;quot;:&amp;quot;#00B093&amp;quot;,&amp;quot;disruptedColor&amp;quot;:&amp;quot;#ff8c00&amp;quot;,&amp;quot;degradedColor&amp;quot;:&amp;quot;#ECC94B&amp;quot;,&amp;quot;downColor&amp;quot;:&amp;quot;#8f485d&amp;quot;,&amp;quot;noticeColor&amp;quot;:&amp;quot;#708090&amp;quot;,&amp;quot;unknownColor&amp;quot;:&amp;quot;#DFE0E1&amp;quot;,&amp;quot;googleAnalytics&amp;quot;:null,&amp;quot;smsService&amp;quot;:null,&amp;quot;htmlInMeta&amp;quot;:null,&amp;quot;htmlAboveHeader&amp;quot;:null,&amp;quot;htmlBelowHeader&amp;quot;:null,&amp;quot;htmlAboveFooter&amp;quot;:null,&amp;quot;htmlBelowFooter&amp;quot;:null,&amp;quot;htmlBelowSummary&amp;quot;:null,&amp;quot;launchDate&amp;quot;:null,&amp;quot;cssGlobal&amp;quot;:null,&amp;quot;onboarded&amp;quot;:true,&amp;quot;createdAt&amp;quot;:&amp;quot;2022-05-03T09:11:29.273Z&amp;quot;,&amp;quot;updatedAt&amp;quot;:&amp;quot;2022-07-13T12:37:49.232Z&amp;quot;}]]">
      <![CDATA[java.lang.AssertionError: expected [[]] but found [[{"id":"cl2pxld6h45000iln8lwv81ai3","subdomain":"fortuna1","name":"Fortuna1","logoUrl":null,"faviconUrl":null,"websiteUrl":null,"customDomain":null,"publicEmail":null,"twitter":null,"status":"UP","subscribeBySms":false,"sendSmsNotifications":true,"language":"en","useLargeHeader":true,"brandColor":"#1E1E1E","okColor":"#00B093","disruptedColor":"#ff8c00","degradedColor":"#ECC94B","downColor":"#8f485d","noticeColor":"#708090","unknownColor":"#DFE0E1","googleAnalytics":null,"smsService":null,"htmlInMeta":null,"htmlAboveHeader":null,"htmlBelowHeader":null,"htmlAboveFooter":null,"htmlBelowFooter":null,"htmlBelowSummary":null,"launchDate":null,"cssGlobal":null,"onboarded":true,"createdAt":"2022-05-03T09:11:29.273Z","updatedAt":"2022-07-13T12:37:49.232Z"}]]
at testCases.v1_pages.verifyQueryParameters(v1_pages.java:79)
at java.base/java.util.ArrayList.forEach(ArrayList.java:1511)
... Removed 33 stack frames]]>
    </failure>
  </testcase> <!-- verifyQueryParameters -->
  <testcase classname="testCases.v1_page_id_components" name="checkResponseBody" time="0.002"/>
  <testcase classname="testCases.v1_page_id_components" name="checkResponseTime" time="0.0"/>
  <testcase classname="testCases.v1_page_id_components" name="ckeckStatusCode" time="0.001"/>
  <testcase classname="testCases.v1_page_id_components" name="verifyConnectionStatus" time="0.001">
    <failure type="java.lang.AssertionError" message="expected [close] but found [keep-alive]">
      <![CDATA[java.lang.AssertionError: expected [close] but found [keep-alive]
at testCases.v1_page_id_components.verifyConnectionStatus(v1_page_id_components.java:57)
at java.base/java.util.ArrayList.forEach(ArrayList.java:1511)
... Removed 33 stack frames]]>
    </failure>
  </testcase> <!-- verifyConnectionStatus -->
  <testcase classname="testCases.v1_page_id_components" name="verifyPostGrouping" time="0.807"/>
  <testcase classname="testCases.v1_page_id_components" name="verifyPostIdIsUnique" time="0.799"/>
  <testcase classname="testCases.v1_page_id_components" name="verifyPostRequiredFields" time="0.722"/>
  <testcase classname="testCases.v1_page_id_components" name="verifyPostStatusCategoryIsPredefined" time="0.769"/>
  <testcase classname="testCases.v1_page_id_components" name="verifyPostStatusCode" time="0.793"/>
  <testcase classname="testCases.v1_page_id_components_component_id" name="deleteRequest" time="2.215"/>
  <testcase classname="testCases.v1_page_id_components_component_id" name="verifyGetSingleRecord" time="0.001"/>
  <testcase classname="testCases.v1_page_id_components_component_id" name="verifyPutRequest" time="2.267"/>
</testsuite> <!-- restAssuredTests -->
