<html>
<head>
<title>TestNG:  restAssuredTests</title>
<link href="../testng.css" rel="stylesheet" type="text/css" />
<link href="../my-testng.css" rel="stylesheet" type="text/css" />

<style type="text/css">
.log { display: none;} 
.stack-trace { display: none;} 
</style>
<script type="text/javascript">
<!--
function flip(e) {
  current = e.style.display;
  if (current == 'block') {
    e.style.display = 'none';
    return 0;
  }
  else {
    e.style.display = 'block';
    return 1;
  }
}

function toggleBox(szDivId, elem, msg1, msg2)
{
  var res = -1;  if (document.getElementById) {
    res = flip(document.getElementById(szDivId));
  }
  else if (document.all) {
    // this is the way old msie versions work
    res = flip(document.all[szDivId]);
  }
  if(elem) {
    if(res == 0) elem.innerHTML = msg1; else elem.innerHTML = msg2;
  }

}

function toggleAllBoxes() {
  if (document.getElementsByTagName) {
    d = document.getElementsByTagName('div');
    for (i = 0; i < d.length; i++) {
      if (d[i].className == 'log') {
        flip(d[i]);
      }
    }
  }
}

// -->
</script>

</head>
<body>
<h2 align='center'>restAssuredTests</h2><table border='1' align="center">
<tr>
<td>Tests passed/Failed/Skipped:</td><td>19/3/0</td>
</tr><tr>
<td>Started on:</td><td>Wed Jul 13 14:42:58 CEST 2022</td>
</tr>
<tr><td>Total time:</td><td>14 seconds (14926 ms)</td>
</tr><tr>
<td>Included groups:</td><td></td>
</tr><tr>
<td>Excluded groups:</td><td></td>
</tr>
</table><p/>
<small><i>(Hover the method name to see the test class name)</i></small><p/>
<table width='100%' border='1' class='invocation-failed'>
<tr><td colspan='4' align='center'><b>FAILED TESTS</b></td></tr>
<tr><td><b>Test method</b></td>
<td width="30%"><b>Exception</b></td>
<td width="10%"><b>Time (seconds)</b></td>
<td><b>Instance</b></td>
</tr>
<tr>
<td title='testCases.v1_pages.verifyQueryParameters()'><b>verifyQueryParameters</b><br>Test class: testCases.v1_pages</td>
<td><div><pre>java.lang.AssertionError: expected [[]] but found [[{&quot;id&quot;:&quot;cl2pxld6h45000iln8lwv81ai3&quot;,&quot;subdomain&quot;:&quot;fortuna1&quot;,&quot;name&quot;:&quot;Fortuna1&quot;,&quot;logoUrl&quot;:null,&quot;faviconUrl&quot;:null,&quot;websiteUrl&quot;:null,&quot;customDomain&quot;:null,&quot;publicEmail&quot;:null,&quot;twitter&quot;:null,&quot;status&quot;:&quot;UP&quot;,&quot;subscribeBySms&quot;:false,&quot;sendSmsNotifications&quot;:true,&quot;language&quot;:&quot;en&quot;,&quot;useLargeHeader&quot;:true,&quot;brandColor&quot;:&quot;#1E1E1E&quot;,&quot;okColor&quot;:&quot;#00B093&quot;,&quot;disruptedColor&quot;:&quot;#ff8c00&quot;,&quot;degradedColor&quot;:&quot;#ECC94B&quot;,&quot;downColor&quot;:&quot;#8f485d&quot;,&quot;noticeColor&quot;:&quot;#708090&quot;,&quot;unknownColor&quot;:&quot;#DFE0E1&quot;,&quot;googleAnalytics&quot;:null,&quot;smsService&quot;:null,&quot;htmlInMeta&quot;:null,&quot;htmlAboveHeader&quot;:null,&quot;htmlBelowHeader&quot;:null,&quot;htmlAboveFooter&quot;:null,&quot;htmlBelowFooter&quot;:null,&quot;htmlBelowSummary&quot;:null,&quot;launchDate&quot;:null,&quot;cssGlobal&quot;:null,&quot;onboarded&quot;:true,&quot;createdAt&quot;:&quot;2022-05-03T09:11:29.273Z&quot;,&quot;updatedAt&quot;:&quot;2022-07-13T12:37:49.232Z&quot;}]]
	at testCases.v1_pages.verifyQueryParameters(v1_pages.java:79)
	at java.base/java.util.ArrayList.forEach(ArrayList.java:1511)
... Removed 33 stack frames</pre></div><a href='#' onClick='toggleBox("stack-trace111819772", this, "Click to show all stack frames", "Click to hide stack frames")'>Click to show all stack frames</a>
<div class='stack-trace' id='stack-trace111819772'><pre>java.lang.AssertionError: expected [[]] but found [[{&quot;id&quot;:&quot;cl2pxld6h45000iln8lwv81ai3&quot;,&quot;subdomain&quot;:&quot;fortuna1&quot;,&quot;name&quot;:&quot;Fortuna1&quot;,&quot;logoUrl&quot;:null,&quot;faviconUrl&quot;:null,&quot;websiteUrl&quot;:null,&quot;customDomain&quot;:null,&quot;publicEmail&quot;:null,&quot;twitter&quot;:null,&quot;status&quot;:&quot;UP&quot;,&quot;subscribeBySms&quot;:false,&quot;sendSmsNotifications&quot;:true,&quot;language&quot;:&quot;en&quot;,&quot;useLargeHeader&quot;:true,&quot;brandColor&quot;:&quot;#1E1E1E&quot;,&quot;okColor&quot;:&quot;#00B093&quot;,&quot;disruptedColor&quot;:&quot;#ff8c00&quot;,&quot;degradedColor&quot;:&quot;#ECC94B&quot;,&quot;downColor&quot;:&quot;#8f485d&quot;,&quot;noticeColor&quot;:&quot;#708090&quot;,&quot;unknownColor&quot;:&quot;#DFE0E1&quot;,&quot;googleAnalytics&quot;:null,&quot;smsService&quot;:null,&quot;htmlInMeta&quot;:null,&quot;htmlAboveHeader&quot;:null,&quot;htmlBelowHeader&quot;:null,&quot;htmlAboveFooter&quot;:null,&quot;htmlBelowFooter&quot;:null,&quot;htmlBelowSummary&quot;:null,&quot;launchDate&quot;:null,&quot;cssGlobal&quot;:null,&quot;onboarded&quot;:true,&quot;createdAt&quot;:&quot;2022-05-03T09:11:29.273Z&quot;,&quot;updatedAt&quot;:&quot;2022-07-13T12:37:49.232Z&quot;}]]
	at org.testng.Assert.fail(Assert.java:110)
	at org.testng.Assert.failNotEquals(Assert.java:1413)
	at org.testng.Assert.assertEqualsImpl(Assert.java:149)
	at org.testng.Assert.assertEquals(Assert.java:131)
	at org.testng.Assert.assertEquals(Assert.java:655)
	at org.testng.Assert.assertEquals(Assert.java:665)
	at testCases.v1_pages.verifyQueryParameters(v1_pages.java:79)
	at java.base/jdk.internal.reflect.NativeMethodAccessorImpl.invoke0(Native Method)
	at java.base/jdk.internal.reflect.NativeMethodAccessorImpl.invoke(NativeMethodAccessorImpl.java:78)
	at java.base/jdk.internal.reflect.DelegatingMethodAccessorImpl.invoke(DelegatingMethodAccessorImpl.java:43)
	at java.base/java.lang.reflect.Method.invoke(Method.java:567)
	at org.testng.internal.invokers.MethodInvocationHelper.invokeMethod(MethodInvocationHelper.java:135)
	at org.testng.internal.invokers.TestInvoker.invokeMethod(TestInvoker.java:673)
	at org.testng.internal.invokers.TestInvoker.invokeTestMethod(TestInvoker.java:220)
	at org.testng.internal.invokers.MethodRunner.runInSequence(MethodRunner.java:50)
	at org.testng.internal.invokers.TestInvoker$MethodInvocationAgent.invoke(TestInvoker.java:945)
	at org.testng.internal.invokers.TestInvoker.invokeTestMethods(TestInvoker.java:193)
	at org.testng.internal.invokers.TestMethodWorker.invokeTestMethods(TestMethodWorker.java:146)
	at org.testng.internal.invokers.TestMethodWorker.run(TestMethodWorker.java:128)
	at java.base/java.util.ArrayList.forEach(ArrayList.java:1511)
	at org.testng.TestRunner.privateRun(TestRunner.java:808)
	at org.testng.TestRunner.run(TestRunner.java:603)
	at org.testng.SuiteRunner.runTest(SuiteRunner.java:429)
	at org.testng.SuiteRunner.runSequentially(SuiteRunner.java:423)
	at org.testng.SuiteRunner.privateRun(SuiteRunner.java:383)
	at org.testng.SuiteRunner.run(SuiteRunner.java:326)
	at org.testng.SuiteRunnerWorker.runSuite(SuiteRunnerWorker.java:52)
	at org.testng.SuiteRunnerWorker.run(SuiteRunnerWorker.java:95)
	at org.testng.TestNG.runSuitesSequentially(TestNG.java:1249)
	at org.testng.TestNG.runSuitesLocally(TestNG.java:1169)
	at org.testng.TestNG.runSuites(TestNG.java:1092)
	at org.testng.TestNG.run(TestNG.java:1060)
	at org.testng.remote.AbstractRemoteTestNG.run(AbstractRemoteTestNG.java:115)
	at org.testng.remote.RemoteTestNG.initAndRun(RemoteTestNG.java:251)
	at org.testng.remote.RemoteTestNG.main(RemoteTestNG.java:77)
</pre></div></td>
<td>0</td>
<td>testCases.v1_pages@71def8f8</td></tr>
<tr>
<td title='testCases.v1_pages.verifyPostStatusCode()'><b>verifyPostStatusCode</b><br>Test class: testCases.v1_pages</td>
<td><div><pre>java.lang.AssertionError: expected [429] but found [500]
	at testCases.v1_pages.verifyPostStatusCode(v1_pages.java:98)
	at java.base/java.util.ArrayList.forEach(ArrayList.java:1511)
... Removed 33 stack frames</pre></div><a href='#' onClick='toggleBox("stack-trace430119837", this, "Click to show all stack frames", "Click to hide stack frames")'>Click to show all stack frames</a>
<div class='stack-trace' id='stack-trace430119837'><pre>java.lang.AssertionError: expected [429] but found [500]
	at org.testng.Assert.fail(Assert.java:110)
	at org.testng.Assert.failNotEquals(Assert.java:1413)
	at org.testng.Assert.assertEqualsImpl(Assert.java:149)
	at org.testng.Assert.assertEquals(Assert.java:131)
	at org.testng.Assert.assertEquals(Assert.java:1240)
	at org.testng.Assert.assertEquals(Assert.java:1274)
	at testCases.v1_pages.verifyPostStatusCode(v1_pages.java:98)
	at java.base/jdk.internal.reflect.NativeMethodAccessorImpl.invoke0(Native Method)
	at java.base/jdk.internal.reflect.NativeMethodAccessorImpl.invoke(NativeMethodAccessorImpl.java:78)
	at java.base/jdk.internal.reflect.DelegatingMethodAccessorImpl.invoke(DelegatingMethodAccessorImpl.java:43)
	at java.base/java.lang.reflect.Method.invoke(Method.java:567)
	at org.testng.internal.invokers.MethodInvocationHelper.invokeMethod(MethodInvocationHelper.java:135)
	at org.testng.internal.invokers.TestInvoker.invokeMethod(TestInvoker.java:673)
	at org.testng.internal.invokers.TestInvoker.invokeTestMethod(TestInvoker.java:220)
	at org.testng.internal.invokers.MethodRunner.runInSequence(MethodRunner.java:50)
	at org.testng.internal.invokers.TestInvoker$MethodInvocationAgent.invoke(TestInvoker.java:945)
	at org.testng.internal.invokers.TestInvoker.invokeTestMethods(TestInvoker.java:193)
	at org.testng.internal.invokers.TestMethodWorker.invokeTestMethods(TestMethodWorker.java:146)
	at org.testng.internal.invokers.TestMethodWorker.run(TestMethodWorker.java:128)
	at java.base/java.util.ArrayList.forEach(ArrayList.java:1511)
	at org.testng.TestRunner.privateRun(TestRunner.java:808)
	at org.testng.TestRunner.run(TestRunner.java:603)
	at org.testng.SuiteRunner.runTest(SuiteRunner.java:429)
	at org.testng.SuiteRunner.runSequentially(SuiteRunner.java:423)
	at org.testng.SuiteRunner.privateRun(SuiteRunner.java:383)
	at org.testng.SuiteRunner.run(SuiteRunner.java:326)
	at org.testng.SuiteRunnerWorker.runSuite(SuiteRunnerWorker.java:52)
	at org.testng.SuiteRunnerWorker.run(SuiteRunnerWorker.java:95)
	at org.testng.TestNG.runSuitesSequentially(TestNG.java:1249)
	at org.testng.TestNG.runSuitesLocally(TestNG.java:1169)
	at org.testng.TestNG.runSuites(TestNG.java:1092)
	at org.testng.TestNG.run(TestNG.java:1060)
	at org.testng.remote.AbstractRemoteTestNG.run(AbstractRemoteTestNG.java:115)
	at org.testng.remote.RemoteTestNG.initAndRun(RemoteTestNG.java:251)
	at org.testng.remote.RemoteTestNG.main(RemoteTestNG.java:77)
</pre></div></td>
<td>0</td>
<td>testCases.v1_pages@71def8f8</td></tr>
<tr>
<td title='testCases.v1_page_id_components.verifyConnectionStatus()'><b>verifyConnectionStatus</b><br>Test class: testCases.v1_page_id_components</td>
<td><div><pre>java.lang.AssertionError: expected [close] but found [keep-alive]
	at testCases.v1_page_id_components.verifyConnectionStatus(v1_page_id_components.java:57)
	at java.base/java.util.ArrayList.forEach(ArrayList.java:1511)
... Removed 33 stack frames</pre></div><a href='#' onClick='toggleBox("stack-trace1965269980", this, "Click to show all stack frames", "Click to hide stack frames")'>Click to show all stack frames</a>
<div class='stack-trace' id='stack-trace1965269980'><pre>java.lang.AssertionError: expected [close] but found [keep-alive]
	at org.testng.Assert.fail(Assert.java:110)
	at org.testng.Assert.failNotEquals(Assert.java:1413)
	at org.testng.Assert.assertEqualsImpl(Assert.java:149)
	at org.testng.Assert.assertEquals(Assert.java:131)
	at org.testng.Assert.assertEquals(Assert.java:655)
	at org.testng.Assert.assertEquals(Assert.java:665)
	at testCases.v1_page_id_components.verifyConnectionStatus(v1_page_id_components.java:57)
	at java.base/jdk.internal.reflect.NativeMethodAccessorImpl.invoke0(Native Method)
	at java.base/jdk.internal.reflect.NativeMethodAccessorImpl.invoke(NativeMethodAccessorImpl.java:78)
	at java.base/jdk.internal.reflect.DelegatingMethodAccessorImpl.invoke(DelegatingMethodAccessorImpl.java:43)
	at java.base/java.lang.reflect.Method.invoke(Method.java:567)
	at org.testng.internal.invokers.MethodInvocationHelper.invokeMethod(MethodInvocationHelper.java:135)
	at org.testng.internal.invokers.TestInvoker.invokeMethod(TestInvoker.java:673)
	at org.testng.internal.invokers.TestInvoker.invokeTestMethod(TestInvoker.java:220)
	at org.testng.internal.invokers.MethodRunner.runInSequence(MethodRunner.java:50)
	at org.testng.internal.invokers.TestInvoker$MethodInvocationAgent.invoke(TestInvoker.java:945)
	at org.testng.internal.invokers.TestInvoker.invokeTestMethods(TestInvoker.java:193)
	at org.testng.internal.invokers.TestMethodWorker.invokeTestMethods(TestMethodWorker.java:146)
	at org.testng.internal.invokers.TestMethodWorker.run(TestMethodWorker.java:128)
	at java.base/java.util.ArrayList.forEach(ArrayList.java:1511)
	at org.testng.TestRunner.privateRun(TestRunner.java:808)
	at org.testng.TestRunner.run(TestRunner.java:603)
	at org.testng.SuiteRunner.runTest(SuiteRunner.java:429)
	at org.testng.SuiteRunner.runSequentially(SuiteRunner.java:423)
	at org.testng.SuiteRunner.privateRun(SuiteRunner.java:383)
	at org.testng.SuiteRunner.run(SuiteRunner.java:326)
	at org.testng.SuiteRunnerWorker.runSuite(SuiteRunnerWorker.java:52)
	at org.testng.SuiteRunnerWorker.run(SuiteRunnerWorker.java:95)
	at org.testng.TestNG.runSuitesSequentially(TestNG.java:1249)
	at org.testng.TestNG.runSuitesLocally(TestNG.java:1169)
	at org.testng.TestNG.runSuites(TestNG.java:1092)
	at org.testng.TestNG.run(TestNG.java:1060)
	at org.testng.remote.AbstractRemoteTestNG.run(AbstractRemoteTestNG.java:115)
	at org.testng.remote.RemoteTestNG.initAndRun(RemoteTestNG.java:251)
	at org.testng.remote.RemoteTestNG.main(RemoteTestNG.java:77)
</pre></div></td>
<td>0</td>
<td>testCases.v1_page_id_components@28f2a10f</td></tr>
</table><p>
<table width='100%' border='1' class='invocation-passed'>
<tr><td colspan='4' align='center'><b>PASSED TESTS</b></td></tr>
<tr><td><b>Test method</b></td>
<td width="30%"><b>Exception</b></td>
<td width="10%"><b>Time (seconds)</b></td>
<td><b>Instance</b></td>
</tr>
<tr>
<td title='testCases.v1_page_id_components.checkResponseTime()'><b>checkResponseTime</b><br>Test class: testCases.v1_page_id_components</td>
<td></td>
<td>0</td>
<td>testCases.v1_page_id_components@28f2a10f</td></tr>
<tr>
<td title='testCases.v1_pages.checkStatusLine()'><b>checkStatusLine</b><br>Test class: testCases.v1_pages</td>
<td></td>
<td>0</td>
<td>testCases.v1_pages@71def8f8</td></tr>
<tr>
<td title='testCases.v1_page_id_components_component_id.verifyGetSingleRecord()'><b>verifyGetSingleRecord</b><br>Test class: testCases.v1_page_id_components_component_id</td>
<td></td>
<td>0</td>
<td>testCases.v1_page_id_components_component_id@6da21078</td></tr>
<tr>
<td title='testCases.v1_pages.verifyDeleteStatusCode()'><b>verifyDeleteStatusCode</b><br>Test class: testCases.v1_pages</td>
<td></td>
<td>0</td>
<td>testCases.v1_pages@71def8f8</td></tr>
<tr>
<td title='testCases.v1_page_id_components_component_id.deleteRequest()'><b>deleteRequest</b><br>Test class: testCases.v1_page_id_components_component_id</td>
<td></td>
<td>2</td>
<td>testCases.v1_page_id_components_component_id@6da21078</td></tr>
<tr>
<td title='testCases.v1_pages.checkContentLength()'><b>checkContentLength</b><br>Test class: testCases.v1_pages</td>
<td></td>
<td>0</td>
<td>testCases.v1_pages@71def8f8</td></tr>
<tr>
<td title='testCases.v1_pages.checkStatusCode()'><b>checkStatusCode</b><br>Test class: testCases.v1_pages</td>
<td></td>
<td>0</td>
<td>testCases.v1_pages@71def8f8</td></tr>
<tr>
<td title='testCases.v1_page_id_components.verifyPostStatusCategoryIsPredefined()'><b>verifyPostStatusCategoryIsPredefined</b><br>Test class: testCases.v1_page_id_components</td>
<td></td>
<td>0</td>
<td>testCases.v1_page_id_components@28f2a10f</td></tr>
<tr>
<td title='testCases.v1_page_id_components.verifyPostRequiredFields()'><b>verifyPostRequiredFields</b><br>Test class: testCases.v1_page_id_components</td>
<td></td>
<td>0</td>
<td>testCases.v1_page_id_components@28f2a10f</td></tr>
<tr>
<td title='testCases.v1_page_id_components.ckeckStatusCode()'><b>ckeckStatusCode</b><br>Test class: testCases.v1_page_id_components</td>
<td></td>
<td>0</td>
<td>testCases.v1_page_id_components@28f2a10f</td></tr>
<tr>
<td title='testCases.v1_pages.checkResponseBody()'><b>checkResponseBody</b><br>Test class: testCases.v1_pages</td>
<td></td>
<td>0</td>
<td>testCases.v1_pages@71def8f8</td></tr>
<tr>
<td title='testCases.v1_page_id_components.checkResponseBody()'><b>checkResponseBody</b><br>Test class: testCases.v1_page_id_components</td>
<td></td>
<td>0</td>
<td>testCases.v1_page_id_components@28f2a10f</td></tr>
<tr>
<td title='testCases.v1_page_id_components_component_id.verifyPutRequest()'><b>verifyPutRequest</b><br>Test class: testCases.v1_page_id_components_component_id</td>
<td></td>
<td>2</td>
<td>testCases.v1_page_id_components_component_id@6da21078</td></tr>
<tr>
<td title='testCases.v1_page_id_components.verifyPostStatusCode()'><b>verifyPostStatusCode</b><br>Test class: testCases.v1_page_id_components</td>
<td></td>
<td>0</td>
<td>testCases.v1_page_id_components@28f2a10f</td></tr>
<tr>
<td title='testCases.v1_pages.checkResponseTime()'><b>checkResponseTime</b><br>Test class: testCases.v1_pages</td>
<td></td>
<td>0</td>
<td>testCases.v1_pages@71def8f8</td></tr>
<tr>
<td title='testCases.v1_page_id_components.verifyPostIdIsUnique()'><b>verifyPostIdIsUnique</b><br>Test class: testCases.v1_page_id_components</td>
<td></td>
<td>0</td>
<td>testCases.v1_page_id_components@28f2a10f</td></tr>
<tr>
<td title='testCases.v1_pages.checkContentType()'><b>checkContentType</b><br>Test class: testCases.v1_pages</td>
<td></td>
<td>0</td>
<td>testCases.v1_pages@71def8f8</td></tr>
<tr>
<td title='testCases.v1_pages.verifyPutStatusCode()'><b>verifyPutStatusCode</b><br>Test class: testCases.v1_pages</td>
<td></td>
<td>0</td>
<td>testCases.v1_pages@71def8f8</td></tr>
<tr>
<td title='testCases.v1_page_id_components.verifyPostGrouping()'><b>verifyPostGrouping</b><br>Test class: testCases.v1_page_id_components</td>
<td></td>
<td>0</td>
<td>testCases.v1_page_id_components@28f2a10f</td></tr>
</table><p>
</body>
</html>