<?xml version="1.0" encoding="UTF-8"?>
<!-- Generated by org.testng.reporters.JUnitReportReporter -->
<testsuite hostname="DESKTOP-6E75GLM" failures="2" tests="10" name="testCases.v1_pages" time="2.268" errors="0" timestamp="2022-07-13T17:31:27 CEST" skipped="0">
  <testcase classname="testCases.v1_pages" name="checkResponseTime" time="0.002"/>
  <system-out/>
  <testcase classname="testCases.v1_pages" name="checkContentType" time="0.001"/>
  <system-out/>
  <testcase classname="testCases.v1_pages" name="checkStatusCode" time="0.001"/>
  <system-out/>
  <testcase classname="testCases.v1_pages" name="verifyQueryParameters" time="0.007">
    <failure message="expected [[]] but found [[{&quot;id&quot;:&quot;cl2pxld6h45000iln8lwv81ai3&quot;,&quot;subdomain&quot;:&quot;fortuna1&quot;,&quot;name&quot;:&quot;Fortuna1&quot;,&quot;logoUrl&quot;:null,&quot;faviconUrl&quot;:null,&quot;websiteUrl&quot;:null,&quot;customDomain&quot;:null,&quot;publicEmail&quot;:null,&quot;twitter&quot;:null,&quot;status&quot;:&quot;HASISSUES&quot;,&quot;subscribeBySms&quot;:false,&quot;sendSmsNotifications&quot;:true,&quot;language&quot;:&quot;en&quot;,&quot;useLargeHeader&quot;:true,&quot;brandColor&quot;:&quot;#1E1E1E&quot;,&quot;okColor&quot;:&quot;#00B093&quot;,&quot;disruptedColor&quot;:&quot;#ff8c00&quot;,&quot;degradedColor&quot;:&quot;#ECC94B&quot;,&quot;downColor&quot;:&quot;#8f485d&quot;,&quot;noticeColor&quot;:&quot;#708090&quot;,&quot;unknownColor&quot;:&quot;#DFE0E1&quot;,&quot;googleAnalytics&quot;:null,&quot;smsService&quot;:null,&quot;htmlInMeta&quot;:null,&quot;htmlAboveHeader&quot;:null,&quot;htmlBelowHeader&quot;:null,&quot;htmlAboveFooter&quot;:null,&quot;htmlBelowFooter&quot;:null,&quot;htmlBelowSummary&quot;:null,&quot;launchDate&quot;:null,&quot;cssGlobal&quot;:null,&quot;onboarded&quot;:true,&quot;createdAt&quot;:&quot;2022-05-03T09:11:29.273Z&quot;,&quot;updatedAt&quot;:&quot;2022-07-13T14:44:20.490Z&quot;}]]" type="java.lang.AssertionError">
      <![CDATA[java.lang.AssertionError: expected [[]] but found [[{"id":"cl2pxld6h45000iln8lwv81ai3","subdomain":"fortuna1","name":"Fortuna1","logoUrl":null,"faviconUrl":null,"websiteUrl":null,"customDomain":null,"publicEmail":null,"twitter":null,"status":"HASISSUES","subscribeBySms":false,"sendSmsNotifications":true,"language":"en","useLargeHeader":true,"brandColor":"#1E1E1E","okColor":"#00B093","disruptedColor":"#ff8c00","degradedColor":"#ECC94B","downColor":"#8f485d","noticeColor":"#708090","unknownColor":"#DFE0E1","googleAnalytics":null,"smsService":null,"htmlInMeta":null,"htmlAboveHeader":null,"htmlBelowHeader":null,"htmlAboveFooter":null,"htmlBelowFooter":null,"htmlBelowSummary":null,"launchDate":null,"cssGlobal":null,"onboarded":true,"createdAt":"2022-05-03T09:11:29.273Z","updatedAt":"2022-07-13T14:44:20.490Z"}]]
at org.testng.Assert.fail(Assert.java:110)
at org.testng.Assert.failNotEquals(Assert.java:1413)
at org.testng.Assert.assertEqualsImpl(Assert.java:149)
at org.testng.Assert.assertEquals(Assert.java:131)
at org.testng.Assert.assertEquals(Assert.java:655)
at org.testng.Assert.assertEquals(Assert.java:665)
at testCases.v1_pages.verifyQueryParameters(v1_pages.java:79)
at java.base/jdk.internal.reflect.NativeMethodAccessorImpl.invoke0(Native Method)
at java.base/jdk.internal.reflect.NativeMethodAccessorImpl.invoke(NativeMethodAccessorImpl.java:78)
at java.base/jdk.internal.reflect.DelegatingMethodAccessorImpl.invoke(DelegatingMethodAccessorImpl.java:43)
at java.base/java.lang.reflect.Method.invoke(Method.java:567)
at org.testng.internal.invokers.MethodInvocationHelper.invokeMethod(MethodInvocationHelper.java:135)
at org.testng.internal.invokers.TestInvoker.invokeMethod(TestInvoker.java:673)
at org.testng.internal.invokers.TestInvoker.invokeTestMethod(TestInvoker.java:220)
at org.testng.internal.invokers.MethodRunner.runInSequence(MethodRunner.java:50)
at org.testng.internal.invokers.TestInvoker$MethodInvocationAgent.invoke(TestInvoker.java:945)
at org.testng.internal.invokers.TestInvoker.invokeTestMethods(TestInvoker.java:193)
at org.testng.internal.invokers.TestMethodWorker.invokeTestMethods(TestMethodWorker.java:146)
at org.testng.internal.invokers.TestMethodWorker.run(TestMethodWorker.java:128)
at java.base/java.util.ArrayList.forEach(ArrayList.java:1511)
at org.testng.TestRunner.privateRun(TestRunner.java:808)
at org.testng.TestRunner.run(TestRunner.java:603)
at org.testng.SuiteRunner.runTest(SuiteRunner.java:429)
at org.testng.SuiteRunner.runSequentially(SuiteRunner.java:423)
at org.testng.SuiteRunner.privateRun(SuiteRunner.java:383)
at org.testng.SuiteRunner.run(SuiteRunner.java:326)
at org.testng.SuiteRunnerWorker.runSuite(SuiteRunnerWorker.java:52)
at org.testng.SuiteRunnerWorker.run(SuiteRunnerWorker.java:95)
at org.testng.TestNG.runSuitesSequentially(TestNG.java:1249)
at org.testng.TestNG.runSuitesLocally(TestNG.java:1169)
at org.testng.TestNG.runSuites(TestNG.java:1092)
at org.testng.TestNG.run(TestNG.java:1060)
at org.testng.remote.AbstractRemoteTestNG.run(AbstractRemoteTestNG.java:115)
at org.testng.remote.RemoteTestNG.initAndRun(RemoteTestNG.java:251)
at org.testng.remote.RemoteTestNG.main(RemoteTestNG.java:77)
]]>
    </failure>
  </testcase> <!-- verifyQueryParameters -->
  <system-out/>
  <testcase classname="testCases.v1_pages" name="checkResponseBody" time="0.021"/>
  <system-out/>
  <testcase classname="testCases.v1_pages" name="verifyPutStatusCode" time="0.776"/>
  <system-out/>
  <testcase classname="testCases.v1_pages" name="checkStatusLine" time="0.001"/>
  <system-out/>
  <testcase classname="testCases.v1_pages" name="verifyPostStatusCode" time="0.724">
    <failure message="expected [429] but found [500]" type="java.lang.AssertionError">
      <![CDATA[java.lang.AssertionError: expected [429] but found [500]
at org.testng.Assert.fail(Assert.java:110)
at org.testng.Assert.failNotEquals(Assert.java:1413)
at org.testng.Assert.assertEqualsImpl(Assert.java:149)
at org.testng.Assert.assertEquals(Assert.java:131)
at org.testng.Assert.assertEquals(Assert.java:1240)
at org.testng.Assert.assertEquals(Assert.java:1274)
at testCases.v1_pages.verifyPostStatusCode(v1_pages.java:98)
at java.base/jdk.internal.reflect.NativeMethodAccessorImpl.invoke0(Native Method)
at java.base/jdk.internal.reflect.NativeMethodAccessorImpl.invoke(NativeMethodAccessorImpl.java:78)
at java.base/jdk.internal.reflect.DelegatingMethodAccessorImpl.invoke(DelegatingMethodAccessorImpl.java:43)
at java.base/java.lang.reflect.Method.invoke(Method.java:567)
at org.testng.internal.invokers.MethodInvocationHelper.invokeMethod(MethodInvocationHelper.java:135)
at org.testng.internal.invokers.TestInvoker.invokeMethod(TestInvoker.java:673)
at org.testng.internal.invokers.TestInvoker.invokeTestMethod(TestInvoker.java:220)
at org.testng.internal.invokers.MethodRunner.runInSequence(MethodRunner.java:50)
at org.testng.internal.invokers.TestInvoker$MethodInvocationAgent.invoke(TestInvoker.java:945)
at org.testng.internal.invokers.TestInvoker.invokeTestMethods(TestInvoker.java:193)
at org.testng.internal.invokers.TestMethodWorker.invokeTestMethods(TestMethodWorker.java:146)
at org.testng.internal.invokers.TestMethodWorker.run(TestMethodWorker.java:128)
at java.base/java.util.ArrayList.forEach(ArrayList.java:1511)
at org.testng.TestRunner.privateRun(TestRunner.java:808)
at org.testng.TestRunner.run(TestRunner.java:603)
at org.testng.SuiteRunner.runTest(SuiteRunner.java:429)
at org.testng.SuiteRunner.runSequentially(SuiteRunner.java:423)
at org.testng.SuiteRunner.privateRun(SuiteRunner.java:383)
at org.testng.SuiteRunner.run(SuiteRunner.java:326)
at org.testng.SuiteRunnerWorker.runSuite(SuiteRunnerWorker.java:52)
at org.testng.SuiteRunnerWorker.run(SuiteRunnerWorker.java:95)
at org.testng.TestNG.runSuitesSequentially(TestNG.java:1249)
at org.testng.TestNG.runSuitesLocally(TestNG.java:1169)
at org.testng.TestNG.runSuites(TestNG.java:1092)
at org.testng.TestNG.run(TestNG.java:1060)
at org.testng.remote.AbstractRemoteTestNG.run(AbstractRemoteTestNG.java:115)
at org.testng.remote.RemoteTestNG.initAndRun(RemoteTestNG.java:251)
at org.testng.remote.RemoteTestNG.main(RemoteTestNG.java:77)
]]>
    </failure>
  </testcase> <!-- verifyPostStatusCode -->
  <system-out/>
  <testcase classname="testCases.v1_pages" name="checkContentLength" time="0.007"/>
  <system-out/>
  <testcase classname="testCases.v1_pages" name="verifyDeleteStatusCode" time="0.728"/>
  <system-out/>
</testsuite> <!-- testCases.v1_pages -->
